0 info it worked if it ends with ok
1 verbose cli [ 'node', '/usr/local/bin/npm', 'publish' ]
2 info using npm@2.10.1
3 info using node@v0.12.4
4 verbose publish [ '.' ]
5 silly cache add args [ '.', null ]
6 verbose cache add spec .
7 silly cache add parsed spec { raw: '.',
7 silly cache add   scope: null,
7 silly cache add   name: null,
7 silly cache add   rawSpec: '.',
7 silly cache add   spec: '/Users/alanrsoares/GitHub/u-semver',
7 silly cache add   type: 'directory' }
8 verbose addLocalDirectory /Users/alanrsoares/.npm/u-semver/0.1.2/package.tgz not in flight; packing
9 verbose tar pack [ '/Users/alanrsoares/.npm/u-semver/0.1.2/package.tgz',
9 verbose tar pack   '/Users/alanrsoares/GitHub/u-semver' ]
10 verbose tarball /Users/alanrsoares/.npm/u-semver/0.1.2/package.tgz
11 verbose folder /Users/alanrsoares/GitHub/u-semver
12 info prepublish u-semver@0.1.2
13 verbose addLocalTarball adding from inside cache /Users/alanrsoares/.npm/u-semver/0.1.2/package.tgz
14 silly cache afterAdd u-semver@0.1.2
15 verbose afterAdd /Users/alanrsoares/.npm/u-semver/0.1.2/package/package.json not in flight; writing
16 verbose afterAdd /Users/alanrsoares/.npm/u-semver/0.1.2/package/package.json written
17 silly publish { name: 'u-semver',
17 silly publish   version: '0.1.2',
17 silly publish   description: 'A micro parser and version resolver for Semantic Version',
17 silly publish   main: 'dist/u-semver.js',
17 silly publish   scripts:
17 silly publish    { test: 'mocha specs --compilers js:babel/register',
17 silly publish      dist: 'scripts/dist',
17 silly publish      release: 'scripts/dist && scripts/release' },
17 silly publish   repository:
17 silly publish    { type: 'git',
17 silly publish      url: 'git+https://github.com/alanrsoares/u-semver.git' },
17 silly publish   keywords:
17 silly publish    [ 'SemVer',
17 silly publish      'semver',
17 silly publish      'parser',
17 silly publish      'resolver',
17 silly publish      'semantic',
17 silly publish      'versioning' ],
17 silly publish   author: { name: 'github.com/alanrsoares' },
17 silly publish   license: 'MIT',
17 silly publish   bugs: { url: 'https://github.com/alanrsoares/u-semver/issues' },
17 silly publish   homepage: 'https://github.com/alanrsoares/u-semver#readme',
17 silly publish   devDependencies:
17 silly publish    { babel: '^5.6.23',
17 silly publish      'babel-core': '^5.7.2',
17 silly publish      'babel-eslint': '^3.1.23',
17 silly publish      chai: '^3.0.0',
17 silly publish      mocha: '^2.2.5',
17 silly publish      releasy: '^1.5.5',
17 silly publish      'uglify-js': '^2.4.23' },
17 silly publish   readme: '# μ-semver\nA micro parser and version resolver for Semantic Version\n\n## Installation\n\n##### for node (via npm)\n```\n$ npm install u-version\n```\n\n##### for the browser (via bower)\n```\n$ bower install u-version\n```\n\n## Usage\n``` \nSemVer.resolve(range: String, versions: String[], preRelease: Boolean?)\n```\n```javascript\nvar versions = [\n  \'1.0.1\',\n  \'1.1.9\',\n  \'1.0.0\',\n  \'0.1.1-alpha\',\n  \'1.3.2\',\n  \'0.2.3-pre\',\n  \'0.2.4-pre\',\n  \'0.2.0\',\n  \'0.0.12\',\n  \'0.0.13-pre\'\n];\n\n// resolving a specific version\nSemVer.resolve(\'1.1.9\', versions) //=> \'1.1.9\'\n// resolving a patch range\nSemVer.resolve(\'~1.0.0\', versions) //=> \'1.0.1\'\n// resolving a minor range\nSemVer.resolve(\'^1.0.0\', versions) //=> \'1.3.2\'\n// resolving the latest version\nSemVer.resolve(\'latest\', versions) //=> \'1.3.2\'\n// allow pre-release resolution\nSemVer.resolve(\'^0.1.0\', versions, true) //=> \'0.2.4\'\n// deny pre-release resolution\nSemVer.resolve(\'^0.1.0\', versions, false) //=> \'0.2.0\'\n```\n\n## License\nMIT\n',
17 silly publish   readmeFilename: 'README.md',
17 silly publish   gitHead: 'bc1120ddf0c6d2b39f09dbe86f1d6511774f0e47',
17 silly publish   _id: 'u-semver@0.1.2',
17 silly publish   _shasum: '12ffcd0b0ea0e3baddd2d47cd802ddec50ef1ee9',
17 silly publish   _from: '.' }
18 verbose getPublishConfig undefined
19 silly mapToRegistry name u-semver
20 silly mapToRegistry using default registry
21 silly mapToRegistry registry https://registry.npmjs.org/
22 silly mapToRegistry uri https://registry.npmjs.org/u-semver
23 verbose publish registryBase https://registry.npmjs.org/
24 silly publish uploading /Users/alanrsoares/.npm/u-semver/0.1.2/package.tgz
25 verbose request uri https://registry.npmjs.org/u-semver
26 verbose request sending authorization for write operation
27 info attempt registry request try #1 at 9:01:30 PM
28 verbose request using bearer token for auth
29 verbose request id 23f465d14c573445
30 http request PUT https://registry.npmjs.org/u-semver
31 http 403 https://registry.npmjs.org/u-semver
32 verbose headers { 'content-type': 'application/json',
32 verbose headers   'cache-control': 'max-age=60',
32 verbose headers   'content-length': '95',
32 verbose headers   'accept-ranges': 'bytes',
32 verbose headers   date: 'Thu, 16 Jul 2015 09:01:31 GMT',
32 verbose headers   via: '1.1 varnish',
32 verbose headers   connection: 'keep-alive',
32 verbose headers   'x-served-by': 'cache-akl6420-AKL',
32 verbose headers   'x-cache': 'MISS',
32 verbose headers   'x-cache-hits': '0',
32 verbose headers   'x-timer': 'S1437037290.497875,VS0,VE960' }
33 verbose request invalidating /Users/alanrsoares/.npm/registry.npmjs.org/u-semver on PUT
34 error publish Failed PUT 403
35 verbose stack Error: "You cannot publish over the previously published version 0.1.2." : u-semver
35 verbose stack     at CachingRegistryClient.<anonymous> (/usr/local/lib/node_modules/npm/node_modules/npm-registry-client/lib/request.js:247:14)
35 verbose stack     at Request._callback (/usr/local/lib/node_modules/npm/node_modules/npm-registry-client/lib/request.js:170:14)
35 verbose stack     at Request.self.callback (/usr/local/lib/node_modules/npm/node_modules/request/request.js:368:22)
35 verbose stack     at Request.emit (events.js:110:17)
35 verbose stack     at Request.<anonymous> (/usr/local/lib/node_modules/npm/node_modules/request/request.js:1219:14)
35 verbose stack     at Request.emit (events.js:129:20)
35 verbose stack     at IncomingMessage.<anonymous> (/usr/local/lib/node_modules/npm/node_modules/request/request.js:1167:12)
35 verbose stack     at IncomingMessage.emit (events.js:129:20)
35 verbose stack     at _stream_readable.js:908:16
35 verbose stack     at process._tickCallback (node.js:355:11)
36 verbose statusCode 403
37 verbose pkgid u-semver
38 verbose cwd /Users/alanrsoares/GitHub/u-semver
39 error Darwin 14.4.0
40 error argv "node" "/usr/local/bin/npm" "publish"
41 error node v0.12.4
42 error npm  v2.10.1
43 error code E403
44 error "You cannot publish over the previously published version 0.1.2." : u-semver
45 error If you need help, you may report this error at:
45 error     <https://github.com/npm/npm/issues>
46 verbose exit [ 1, true ]
